{
  "stats": {
    "suites": 1,
    "tests": 1,
    "passes": 1,
    "pending": 0,
    "failures": 0,
    "start": "2021-10-24T14:12:35.447Z",
    "end": "2021-10-24T14:12:41.372Z",
    "duration": 5925,
    "testsRegistered": 2,
    "passPercent": 50,
    "pendingPercent": 0,
    "other": 0,
    "hasOther": false,
    "skipped": 1,
    "hasSkipped": true
  },
  "results": [
    {
      "uuid": "c44c9882-60ea-469f-b3b6-468c0cdd4658",
      "title": "",
      "fullFile": "",
      "file": "",
      "beforeHooks": [],
      "afterHooks": [],
      "tests": [],
      "suites": [
        {
          "uuid": "9a191850-0d9b-4962-9c4a-c4aaf9ab296e",
          "title": "Assignment : Search field tests",
          "fullFile": "C:\\Users\\Dimitris\\Desktop\\study\\testing JS\\Ticketswap\\test\\searchBarTests.js",
          "file": "\\test\\searchBarTests.js",
          "beforeHooks": [
            {
              "title": "\"before each\" hook in \"Assignment : Search field tests\"",
              "fullTitle": "Assignment : Search field tests \"before each\" hook in \"Assignment : Search field tests\"",
              "timedOut": null,
              "duration": 602,
              "state": null,
              "speed": null,
              "pass": false,
              "fail": false,
              "pending": null,
              "context": null,
              "code": "driver = await new Builder().forBrowser(\"chrome\").build();\ndriver.get(\"https://www.ticketswap.com/\");",
              "err": {},
              "uuid": "6f75ada3-346b-475e-a5a7-cac9b0b84b0e",
              "parentUUID": null,
              "isHook": true,
              "skipped": false
            }
          ],
          "afterHooks": [
            {
              "title": "\"after each\" hook in \"Assignment : Search field tests\"",
              "fullTitle": "Assignment : Search field tests \"after each\" hook in \"Assignment : Search field tests\"",
              "timedOut": null,
              "duration": 24,
              "state": null,
              "speed": null,
              "pass": false,
              "fail": false,
              "pending": null,
              "context": null,
              "code": "await driver.quit();",
              "err": {},
              "uuid": "bab8731b-c08d-490e-b6dc-1bf04407e815",
              "parentUUID": null,
              "isHook": true,
              "skipped": false
            }
          ],
          "tests": [
            {
              "title": "Ensures special characters are handled from the server",
              "fullTitle": "Assignment : Search field tests Ensures special characters are handled from the server",
              "timedOut": null,
              "duration": 4916,
              "state": "passed",
              "speed": "slow",
              "pass": true,
              "fail": false,
              "pending": false,
              "context": null,
              "code": "var search_query = `[\\`!@#$%^&*()_+\\-=\\[\\]{};':\"\\\\|,.<>\\/?~]/`;\n    //send keys to the search box\n    await driver.findElement(By.id(\"site-search-input\")).sendKeys(search_query);\n    //wait till results drop down appears\n    await driver.wait(until.elementLocated(By.xpath('//*[@id=\"site-search-menu\"]/div[3]/a'),10000));\n    //find and click more results button\n    await driver.findElement(By.xpath('//*[@id=\"site-search-menu\"]/div[3]/a')).click();\n    //wait till next page loads\n    await driver.wait(until.elementLocated(By.xpath('//*[@id=\"__next\"]/div[2]/div[1]/h1'),10000));\n    //ensure the next page has results\n    var results = await driver.findElement(By.className('css-11rlpdz eh8fd905'));\n    //chai assert\n    expect(results).to.exist;",
              "err": {},
              "uuid": "e1c05e38-a0d6-4bcd-9ab2-aaadcb0a47e6",
              "parentUUID": null,
              "isHook": false,
              "skipped": false
            },
            {
              "title": "Checks search query is included in test results",
              "fullTitle": "Assignment : Search field tests Checks search query is included in test results",
              "timedOut": null,
              "duration": 0,
              "state": null,
              "speed": null,
              "pass": false,
              "fail": false,
              "pending": false,
              "context": null,
              "code": "var search_query = \"Band\";\n    //send keys to the search box\n    await driver.findElement(By.id(\"site-search-input\")).sendKeys(search_query);\n    //wait till results drop down appears\n    await driver.wait(until.elementLocated(By.xpath('//*[@id=\"site-search-menu\"]/div[3]/a'),10000));\n    //find and click more results button\n    await driver.findElement(By.xpath('//*[@id=\"site-search-menu\"]/div[3]/a')).click();\n    //wait till next page loads\n    await driver.wait(until.elementLocated(By.xpath('//*[@id=\"__next\"]/div[2]/div[1]/h3'),10000));\n    //collect all the search result elements and get their text\n    let elements = await driver.findElements(By.className('css-11rlpdz eh8fd905'))//.then((elements)=>{\n    for (let element of elements) {\n      const text = await element.getText();\n      //assert the text contains the search query\n      expect(text).to.include(search_query);\n    }",
              "err": {},
              "uuid": "f27b2b62-85c2-4602-bf6f-e7dde4df3bec",
              "parentUUID": null,
              "isHook": false,
              "skipped": true
            }
          ],
          "suites": [],
          "passes": [
            "e1c05e38-a0d6-4bcd-9ab2-aaadcb0a47e6"
          ],
          "failures": [],
          "pending": [],
          "skipped": [
            "f27b2b62-85c2-4602-bf6f-e7dde4df3bec"
          ],
          "duration": 4916,
          "root": false,
          "rootEmpty": false,
          "_timeout": null
        }
      ],
      "passes": [],
      "failures": [],
      "pending": [],
      "skipped": [],
      "duration": 0,
      "root": true,
      "rootEmpty": true,
      "_timeout": 0
    }
  ],
  "meta": {
    "mocha": {
      "version": "9.1.3"
    },
    "mochawesome": {
      "options": {
        "quiet": false,
        "reportFilename": "mochawesome",
        "saveHtml": true,
        "saveJson": true,
        "consoleReporter": "spec",
        "useInlineDiffs": false,
        "code": true
      },
      "version": "6.3.1"
    },
    "marge": {
      "options": {
        "autoOpen": "true"
      },
      "version": "5.2.0"
    }
  }
}